<?xml version="1.0" encoding="UTF-8"?>
<!-- Generated by org.testng.reporters.JUnitXMLReporter -->
<testsuite ignored="0" hostname="aj-pc" failures="0" tests="3" name="Default test" time="41.328" errors="0" timestamp="2023-02-07T10:41:58 IST">
  <testcase classname="Selenium.AutomationTestcases.productOrderTest" name="orderproduct" time="4.361"/>
  <testcase classname="Selenium.AutomationTestcases.productOrderTest" name="orderConfirmation" time="5.565"/>
  <testcase classname="Selenium.AutomationTestcases.productOrderTest" name="deleteOrderProduct" time="5.541"/>
</testsuite> <!-- Default test -->
