<?xml version="1.0" encoding="UTF-8"?>
<!-- Generated by org.testng.reporters.JUnitXMLReporter -->
<testsuite ignored="0" hostname="aj-pc" failures="0" tests="2" name="ErrorValidation" time="96.674" errors="0" timestamp="2023-02-08T12:47:45 IST">
  <testcase classname="Selenium.AutomationTestcases.errorValidationTest" name="loginFailed" time="1.144"/>
  <testcase classname="Selenium.AutomationTestcases.errorValidationTest" name="productValidation" time="10.372"/>
</testsuite> <!-- ErrorValidation -->
