<?xml version="1.0" encoding="UTF-8"?>
<!-- Generated by org.testng.reporters.JUnitXMLReporter -->
<testsuite ignored="0" hostname="aj-pc" failures="0" tests="2" name="ErrorValidation" time="23.351" errors="0" timestamp="2023-02-07T10:27:25 IST">
  <testcase classname="Selenium.AutomationTestcases.errorValidationTest" name="loginFailed" time="0.301"/>
  <testcase classname="Selenium.AutomationTestcases.errorValidationTest" name="productValidation" time="8.374"/>
</testsuite> <!-- ErrorValidation -->
