<?xml version="1.0" encoding="UTF-8"?>
<!-- Generated by org.testng.reporters.JUnitXMLReporter -->
<testsuite ignored="0" hostname="aj-pc" failures="0" tests="4" name="login_ErrorValidation" time="29.283" errors="0" timestamp="2023-02-06T17:57:20 IST">
  <testcase classname="Selenium.AutomationTestcases.login_logout_Test" name="loginwithInvalidDataTest" time="0.352"/>
  <testcase classname="Selenium.AutomationTestcases.login_logout_Test" name="loginwithInvalidDataTest" time="0.605"/>
  <testcase classname="Selenium.AutomationTestcases.login_logout_Test" name="loginwithValidTest" time="0.496"/>
  <testcase classname="Selenium.AutomationTestcases.login_logout_Test" name="loginwithValidTest" time="1.02"/>
</testsuite> <!-- login_ErrorValidation -->
