<?xml version="1.0" encoding="UTF-8"?>
<!-- Generated by org.testng.reporters.JUnitXMLReporter -->
<testsuite ignored="0" hostname="aj-pc" failures="0" tests="4" name="login_ErrorValidation" time="63.018" errors="0" timestamp="2023-02-03T17:02:26 IST">
  <testcase classname="Selenium.AutomationTestcases.login_logout_Test" name="loginwithInvalidDataTest" time="0.28"/>
  <testcase classname="Selenium.AutomationTestcases.login_logout_Test" name="loginwithInvalidDataTest" time="1.354"/>
  <testcase classname="Selenium.AutomationTestcases.login_logout_Test" name="loginwithValidTest" time="0.791"/>
  <testcase classname="Selenium.AutomationTestcases.login_logout_Test" name="loginwithValidTest" time="1.824"/>
</testsuite> <!-- login_ErrorValidation -->
