<?xml version="1.0" encoding="UTF-8"?>
<!-- Generated by org.testng.reporters.JUnitXMLReporter -->
<testsuite ignored="0" hostname="aj-pc" failures="2" tests="2" name="ProductOrder" time="12.224" errors="0" timestamp="2023-02-07T10:27:02 IST">
  <testcase classname="Selenium.AutomationTestcases.productOrderTest" name="orderproduct" time="0.009">
    <failure type="java.lang.NullPointerException">
      <![CDATA[java.lang.NullPointerException
at Selenium.AutomationTestcases.productOrderTest.orderproduct(productOrderTest.java:27)
at java.base/java.util.ArrayList.forEach(ArrayList.java:1507)
... Removed 27 stack frames]]>
    </failure>
  </testcase> <!-- orderproduct -->
  <testcase classname="Selenium.AutomationTestcases.productOrderTest" name="orderproduct" time="0.004">
    <failure type="java.lang.NullPointerException">
      <![CDATA[java.lang.NullPointerException
at Selenium.AutomationTestcases.productOrderTest.orderproduct(productOrderTest.java:27)
at java.base/java.util.ArrayList.forEach(ArrayList.java:1507)
... Removed 27 stack frames]]>
    </failure>
  </testcase> <!-- orderproduct -->
</testsuite> <!-- ProductOrder -->
