<?xml version="1.0" encoding="UTF-8"?>
<!-- Generated by org.testng.reporters.JUnitXMLReporter -->
<testsuite ignored="0" hostname="aj-pc" failures="2" tests="2" name="ProductOrder" time="28.221" errors="0" timestamp="2023-02-03T17:00:42 IST">
  <testcase classname="Selenium.AutomationTestcases.productOrderTest" name="orderproduct" time="0.206">
    <failure type="java.lang.NullPointerException">
      <![CDATA[java.lang.NullPointerException
at Selenium.AutomationTestcases.productOrderTest.orderproduct(productOrderTest.java:27)
at java.base/java.util.ArrayList.forEach(ArrayList.java:1507)
... Removed 27 stack frames]]>
    </failure>
  </testcase> <!-- orderproduct -->
  <testcase classname="Selenium.AutomationTestcases.productOrderTest" name="orderproduct" time="0.003">
    <failure type="java.lang.NullPointerException">
      <![CDATA[java.lang.NullPointerException
at Selenium.AutomationTestcases.productOrderTest.orderproduct(productOrderTest.java:27)
at java.base/java.util.ArrayList.forEach(ArrayList.java:1507)
... Removed 27 stack frames]]>
    </failure>
  </testcase> <!-- orderproduct -->
</testsuite> <!-- ProductOrder -->
