<?xml version="1.0" encoding="UTF-8"?>
<!-- Generated by org.testng.reporters.JUnitXMLReporter -->
<testsuite ignored="0" hostname="aj-pc" failures="0" tests="4" name="ErrorValidation" time="27.395" errors="0" timestamp="2023-02-02T10:19:54 IST">
  <testcase classname="Selenium.AutomationTestcases.login_logout_Test" name="loginwithInvalidDataTest" time="0.782"/>
  <testcase classname="Selenium.AutomationTestcases.login_logout_Test" name="loginwithInvalidDataTest" time="0.801"/>
  <testcase classname="Selenium.AutomationTestcases.login_logout_Test" name="loginwithValidTest" time="0.646"/>
  <testcase classname="Selenium.AutomationTestcases.login_logout_Test" name="loginwithValidTest" time="0.588"/>
</testsuite> <!-- ErrorValidation -->
