<?xml version="1.0" encoding="UTF-8"?>
<testng-results ignored="0" total="5" passed="5" failed="0" skipped="0">
  <reporter-output>
  </reporter-output>
  <suite started-at="2023-02-09T11:41:16 IST" name="Suite" finished-at="2023-02-09T11:44:29 IST" duration-ms="193243">
    <groups>
      <group name="purchase">
        <method signature="productOrderTest.orderproduct(java.lang.String,java.lang.String,java.lang.String)[pri:0, instance:Selenium.AutomationTestcases.productOrderTest@7486b455]" name="orderproduct" class="Selenium.AutomationTestcases.productOrderTest"/>
      </group> <!-- purchase -->
    </groups>
    <test started-at="2023-02-09T11:41:16 IST" name="ProductOrder" finished-at="2023-02-09T11:43:59 IST" duration-ms="163578">
      <class name="Selenium.AutomationTestcases.productOrderTest">
        <test-method is-config="true" signature="lauchApplication()[pri:0, instance:Selenium.AutomationTestcases.productOrderTest@7486b455]" started-at="2023-02-09T11:41:16 IST" name="lauchApplication" finished-at="2023-02-09T11:42:43 IST" duration-ms="86725" status="PASS">
          <reporter-output>
          </reporter-output>
        </test-method> <!-- lauchApplication -->
        <test-method signature="orderproduct(java.lang.String,java.lang.String,java.lang.String)[pri:0, instance:Selenium.AutomationTestcases.productOrderTest@7486b455]" started-at="2023-02-09T11:42:43 IST" name="orderproduct" data-provider="orderProductTestData" finished-at="2023-02-09T11:42:54 IST" duration-ms="11173" status="PASS">
          <params>
            <param index="0">
              <value>
                <![CDATA[notice2ajay@gmail.com]]>
              </value>
            </param>
            <param index="1">
              <value>
                <![CDATA[Auto1234]]>
              </value>
            </param>
            <param index="2">
              <value>
                <![CDATA[ADIDAS ORIGINAL]]>
              </value>
            </param>
          </params>
          <reporter-output>
          </reporter-output>
        </test-method> <!-- orderproduct -->
        <test-method is-config="true" signature="tearDown()[pri:0, instance:Selenium.AutomationTestcases.productOrderTest@7486b455]" started-at="2023-02-09T11:42:54 IST" name="tearDown" finished-at="2023-02-09T11:43:12 IST" duration-ms="17597" status="PASS">
          <reporter-output>
          </reporter-output>
        </test-method> <!-- tearDown -->
        <test-method is-config="true" signature="lauchApplication()[pri:0, instance:Selenium.AutomationTestcases.productOrderTest@7486b455]" started-at="2023-02-09T11:43:13 IST" name="lauchApplication" finished-at="2023-02-09T11:43:24 IST" duration-ms="10552" status="PASS">
          <reporter-output>
          </reporter-output>
        </test-method> <!-- lauchApplication -->
        <test-method signature="orderConfirmation()[pri:0, instance:Selenium.AutomationTestcases.productOrderTest@7486b455]" started-at="2023-02-09T11:43:24 IST" name="orderConfirmation" finished-at="2023-02-09T11:43:30 IST" depends-on-methods="Selenium.AutomationTestcases.productOrderTest.orderproduct" duration-ms="6443" status="PASS">
          <reporter-output>
          </reporter-output>
        </test-method> <!-- orderConfirmation -->
        <test-method is-config="true" signature="tearDown()[pri:0, instance:Selenium.AutomationTestcases.productOrderTest@7486b455]" started-at="2023-02-09T11:43:30 IST" name="tearDown" finished-at="2023-02-09T11:43:42 IST" duration-ms="12210" status="PASS">
          <reporter-output>
          </reporter-output>
        </test-method> <!-- tearDown -->
        <test-method is-config="true" signature="lauchApplication()[pri:0, instance:Selenium.AutomationTestcases.productOrderTest@7486b455]" started-at="2023-02-09T11:43:42 IST" name="lauchApplication" finished-at="2023-02-09T11:43:50 IST" duration-ms="7203" status="PASS">
          <reporter-output>
          </reporter-output>
        </test-method> <!-- lauchApplication -->
        <test-method signature="deleteOrderProduct()[pri:0, instance:Selenium.AutomationTestcases.productOrderTest@7486b455]" started-at="2023-02-09T11:43:50 IST" name="deleteOrderProduct" finished-at="2023-02-09T11:43:55 IST" depends-on-methods="Selenium.AutomationTestcases.productOrderTest.orderConfirmation" duration-ms="5462" status="PASS">
          <reporter-output>
          </reporter-output>
        </test-method> <!-- deleteOrderProduct -->
        <test-method is-config="true" signature="tearDown()[pri:0, instance:Selenium.AutomationTestcases.productOrderTest@7486b455]" started-at="2023-02-09T11:43:55 IST" name="tearDown" finished-at="2023-02-09T11:43:59 IST" duration-ms="4065" status="PASS">
          <reporter-output>
          </reporter-output>
        </test-method> <!-- tearDown -->
      </class> <!-- Selenium.AutomationTestcases.productOrderTest -->
    </test> <!-- ProductOrder -->
    <test started-at="2023-02-09T11:44:00 IST" name="ErrorValidation" finished-at="2023-02-09T11:44:29 IST" duration-ms="29004">
      <class name="Selenium.AutomationTestcases.errorValidationTest">
        <test-method is-config="true" signature="lauchApplication()[pri:0, instance:Selenium.AutomationTestcases.errorValidationTest@1cf56a1c]" started-at="2023-02-09T11:44:00 IST" name="lauchApplication" finished-at="2023-02-09T11:44:06 IST" duration-ms="6599" status="PASS">
          <reporter-output>
          </reporter-output>
        </test-method> <!-- lauchApplication -->
        <test-method signature="loginFailed()[pri:0, instance:Selenium.AutomationTestcases.errorValidationTest@1cf56a1c]" started-at="2023-02-09T11:44:06 IST" name="loginFailed" finished-at="2023-02-09T11:44:07 IST" duration-ms="266" status="PASS">
          <reporter-output>
          </reporter-output>
        </test-method> <!-- loginFailed -->
        <test-method is-config="true" signature="tearDown()[pri:0, instance:Selenium.AutomationTestcases.errorValidationTest@1cf56a1c]" started-at="2023-02-09T11:44:07 IST" name="tearDown" finished-at="2023-02-09T11:44:07 IST" duration-ms="228" status="PASS">
          <reporter-output>
          </reporter-output>
        </test-method> <!-- tearDown -->
        <test-method is-config="true" signature="lauchApplication()[pri:0, instance:Selenium.AutomationTestcases.errorValidationTest@1cf56a1c]" started-at="2023-02-09T11:44:07 IST" name="lauchApplication" finished-at="2023-02-09T11:44:15 IST" duration-ms="7786" status="PASS">
          <reporter-output>
          </reporter-output>
        </test-method> <!-- lauchApplication -->
        <test-method signature="productValidation()[pri:0, instance:Selenium.AutomationTestcases.errorValidationTest@1cf56a1c]" started-at="2023-02-09T11:44:15 IST" name="productValidation" finished-at="2023-02-09T11:44:24 IST" duration-ms="8802" status="PASS">
          <reporter-output>
          </reporter-output>
        </test-method> <!-- productValidation -->
        <test-method is-config="true" signature="tearDown()[pri:0, instance:Selenium.AutomationTestcases.errorValidationTest@1cf56a1c]" started-at="2023-02-09T11:44:24 IST" name="tearDown" finished-at="2023-02-09T11:44:29 IST" duration-ms="5318" status="PASS">
          <reporter-output>
          </reporter-output>
        </test-method> <!-- tearDown -->
      </class> <!-- Selenium.AutomationTestcases.errorValidationTest -->
    </test> <!-- ErrorValidation -->
  </suite> <!-- Suite -->
</testng-results>
