<?xml version="1.0" encoding="UTF-8"?>
<testng-results ignored="0" total="3" passed="3" failed="0" skipped="0">
  <reporter-output>
  </reporter-output>
  <suite started-at="2023-02-07T10:41:17 IST" name="Default suite" finished-at="2023-02-07T10:41:58 IST" duration-ms="41328">
    <groups>
      <group name="purchase">
        <method signature="productOrderTest.orderproduct(java.lang.String,java.lang.String,java.lang.String)[pri:0, instance:Selenium.AutomationTestcases.productOrderTest@765d7657]" name="orderproduct" class="Selenium.AutomationTestcases.productOrderTest"/>
      </group> <!-- purchase -->
    </groups>
    <test started-at="2023-02-07T10:41:17 IST" name="Default test" finished-at="2023-02-07T10:41:58 IST" duration-ms="41328">
      <class name="Selenium.AutomationTestcases.productOrderTest">
        <test-method is-config="true" signature="lauchApplication()[pri:0, instance:Selenium.AutomationTestcases.productOrderTest@765d7657]" started-at="2023-02-07T10:41:17 IST" name="lauchApplication" finished-at="2023-02-07T10:41:23 IST" duration-ms="6058" status="PASS">
          <reporter-output>
          </reporter-output>
        </test-method> <!-- lauchApplication -->
        <test-method signature="orderproduct(java.lang.String,java.lang.String,java.lang.String)[pri:0, instance:Selenium.AutomationTestcases.productOrderTest@765d7657]" started-at="2023-02-07T10:41:23 IST" name="orderproduct" data-provider="orderProductTestData" finished-at="2023-02-07T10:41:28 IST" duration-ms="4361" status="PASS">
          <params>
            <param index="0">
              <value>
                <![CDATA[notice2ajay@gmail.com]]>
              </value>
            </param>
            <param index="1">
              <value>
                <![CDATA[Auto1234]]>
              </value>
            </param>
            <param index="2">
              <value>
                <![CDATA[ADIDAS ORIGINAL]]>
              </value>
            </param>
          </params>
          <reporter-output>
          </reporter-output>
        </test-method> <!-- orderproduct -->
        <test-method is-config="true" signature="tearDown()[pri:0, instance:Selenium.AutomationTestcases.productOrderTest@765d7657]" started-at="2023-02-07T10:41:28 IST" name="tearDown" finished-at="2023-02-07T10:41:32 IST" duration-ms="4054" status="PASS">
          <reporter-output>
          </reporter-output>
        </test-method> <!-- tearDown -->
        <test-method is-config="true" signature="lauchApplication()[pri:0, instance:Selenium.AutomationTestcases.productOrderTest@765d7657]" started-at="2023-02-07T10:41:32 IST" name="lauchApplication" finished-at="2023-02-07T10:41:37 IST" duration-ms="5335" status="PASS">
          <reporter-output>
          </reporter-output>
        </test-method> <!-- lauchApplication -->
        <test-method signature="orderConfirmation()[pri:0, instance:Selenium.AutomationTestcases.productOrderTest@765d7657]" started-at="2023-02-07T10:41:37 IST" name="orderConfirmation" finished-at="2023-02-07T10:41:43 IST" depends-on-methods="Selenium.AutomationTestcases.productOrderTest.orderproduct" duration-ms="5565" status="PASS">
          <reporter-output>
          </reporter-output>
        </test-method> <!-- orderConfirmation -->
        <test-method is-config="true" signature="tearDown()[pri:0, instance:Selenium.AutomationTestcases.productOrderTest@765d7657]" started-at="2023-02-07T10:41:43 IST" name="tearDown" finished-at="2023-02-07T10:41:47 IST" duration-ms="4063" status="PASS">
          <reporter-output>
          </reporter-output>
        </test-method> <!-- tearDown -->
        <test-method is-config="true" signature="lauchApplication()[pri:0, instance:Selenium.AutomationTestcases.productOrderTest@765d7657]" started-at="2023-02-07T10:41:47 IST" name="lauchApplication" finished-at="2023-02-07T10:41:52 IST" duration-ms="5518" status="PASS">
          <reporter-output>
          </reporter-output>
        </test-method> <!-- lauchApplication -->
        <test-method signature="deleteOrderProduct()[pri:0, instance:Selenium.AutomationTestcases.productOrderTest@765d7657]" started-at="2023-02-07T10:41:52 IST" name="deleteOrderProduct" finished-at="2023-02-07T10:41:58 IST" depends-on-methods="Selenium.AutomationTestcases.productOrderTest.orderConfirmation" duration-ms="5541" status="PASS">
          <reporter-output>
          </reporter-output>
        </test-method> <!-- deleteOrderProduct -->
        <test-method is-config="true" signature="tearDown()[pri:0, instance:Selenium.AutomationTestcases.productOrderTest@765d7657]" started-at="2023-02-07T10:41:58 IST" name="tearDown" finished-at="2023-02-07T10:41:58 IST" duration-ms="781" status="PASS">
          <reporter-output>
          </reporter-output>
        </test-method> <!-- tearDown -->
      </class> <!-- Selenium.AutomationTestcases.productOrderTest -->
    </test> <!-- Default test -->
  </suite> <!-- Default suite -->
</testng-results>
